#
# There is insufficient memory for the Java Runtime Environment to continue.
# Cannot create GC thread. Out of system resources.
# Possible reasons:
#   The system is out of physical RAM or swap space
#   In 32 bit mode, the process size limit was hit
# Possible solutions:
#   Reduce memory load on the system
#   Increase physical memory or swap space
#   Check if swap backing store is full
#   Use 64 bit Java on a 64 bit OS
#   Decrease Java heap size (-Xmx/-Xms)
#   Decrease number of Java threads
#   Decrease Java thread stack sizes (-Xss)
#   Set larger code cache with -XX:ReservedCodeCacheSize=
# This output file may be truncated or incomplete.
#
#  Out of Memory Error (gcTaskThread.cpp:48), pid=30978, tid=140089104672512
#
# JRE version:  (8.0_91-b14) (build )
# Java VM: Java HotSpot(TM) 64-Bit Server VM (25.91-b14 mixed mode linux-amd64 compressed oops)
# Failed to write core dump. Core dumps have been disabled. To enable core dumping, try "ulimit -c unlimited" before starting Java again
#

---------------  T H R E A D  ---------------

Current thread (0x00007f6900009000):  JavaThread "Unknown thread" [_thread_in_vm, id=30987, stack(0x00007f6909422000,0x00007f6909523000)]

Stack: [0x00007f6909422000,0x00007f6909523000],  sp=0x00007f69095215a0,  free space=1021k
Native frames: (J=compiled Java code, j=interpreted, Vv=VM code, C=native code)
V  [libjvm.so+0xabc18a]  VMError::report_and_die()+0x2ba
V  [libjvm.so+0x4fafeb]  report_vm_out_of_memory(char const*, int, unsigned long, VMErrorType, char const*)+0x8b
V  [libjvm.so+0x5d543f]  GCTaskThread::GCTaskThread(GCTaskManager*, unsigned int, unsigned int)+0x15f
V  [libjvm.so+0x5d41fb]  GCTaskManager::initialize()+0x3ab
V  [libjvm.so+0x9400ed]  ParallelScavengeHeap::initialize()+0x34d
V  [libjvm.so+0xa849bb]  Universe::initialize_heap()+0xfb
V  [libjvm.so+0xa84d2e]  universe_init()+0x3e
V  [libjvm.so+0x63a575]  init_globals()+0x65
V  [libjvm.so+0xa68f3e]  Threads::create_vm(JavaVMInitArgs*, bool*)+0x23e
V  [libjvm.so+0x6cede4]  JNI_CreateJavaVM+0x74
C  [libjli.so+0x745e]  JavaMain+0x9e
C  [libpthread.so.0+0x7dc5]  start_thread+0xc5


---------------  P R O C E S S  ---------------

Java Threads: ( => current thread )

Other Threads:

=>0x00007f6900009000 (exited) JavaThread "Unknown thread" [_thread_in_vm, id=30987, stack(0x00007f6909422000,0x00007f6909523000)]

VM state:not at safepoint (not fully initialized)

VM Mutex/Monitor currently owned by a thread: None

GC Heap History (0 events):
No events

Deoptimization events (0 events):
No events

Internal exceptions (0 events):
No events

Events (0 events):
No events


Dynamic libraries:
00400000-00401000 r-xp 00000000 08:01 4904258                            /usr/lib/jvm/java-1.8.0-sun-1.8.0.91/bin/java
00600000-00601000 rw-p 00000000 08:01 4904258                            /usr/lib/jvm/java-1.8.0-sun-1.8.0.91/bin/java
00ff3000-01014000 rw-p 00000000 00:00 0                                  [heap]
4c0000000-515580000 rw-p 00000000 00:00 0 
515580000-6c0000000 ---p 00000000 00:00 0 
6c0000000-6eaa80000 rw-p 00000000 00:00 0 
6eaa80000-7c0000000 ---p 00000000 00:00 0 
7f68f0000000-7f68f02ab000 rw-p 00000000 00:00 0 
7f68f02ab000-7f68f1000000 ---p 00000000 00:00 0 
7f68f1000000-7f68f1270000 rwxp 00000000 00:00 0 
7f68f1270000-7f6900000000 ---p 00000000 00:00 0 
7f6900000000-7f6900037000 rw-p 00000000 00:00 0 
7f6900037000-7f6904000000 ---p 00000000 00:00 0 
7f690428c000-7f6904511000 rw-p 00000000 00:00 0 
7f6904511000-7f6904512000 ---p 00000000 00:00 0 
7f6904512000-7f69048bd000 rw-p 00000000 00:00 0 
7f69048bd000-7f6905612000 ---p 00000000 00:00 0 
7f6905612000-7f6905768000 rw-p 00000000 00:00 0 
7f6905768000-7f6905e12000 ---p 00000000 00:00 0 
7f6905e12000-7f6905e1d000 rw-p 00000000 00:00 0 
7f6905e1d000-7f69061d3000 ---p 00000000 00:00 0 
7f69061d3000-7f69061ed000 r-xp 00000000 08:01 4887467                    /usr/lib/jvm/java-1.8.0-sun-1.8.0.91/jre/lib/amd64/libzip.so
7f69061ed000-7f69063ed000 ---p 0001a000 08:01 4887467                    /usr/lib/jvm/java-1.8.0-sun-1.8.0.91/jre/lib/amd64/libzip.so
7f69063ed000-7f69063ee000 rw-p 0001a000 08:01 4887467                    /usr/lib/jvm/java-1.8.0-sun-1.8.0.91/jre/lib/amd64/libzip.so
7f69063ee000-7f6906bf3000 r--s 00000000 08:01 3415152                    /var/lib/sss/mc/passwd
7f6906bf3000-7f6906bfb000 r-xp 00000000 08:01 3946059                    /usr/lib64/libnss_sss.so.2
7f6906bfb000-7f6906dfa000 ---p 00008000 08:01 3946059                    /usr/lib64/libnss_sss.so.2
7f6906dfa000-7f6906dfb000 r--p 00007000 08:01 3946059                    /usr/lib64/libnss_sss.so.2
7f6906dfb000-7f6906dfc000 rw-p 00008000 08:01 3946059                    /usr/lib64/libnss_sss.so.2
7f6906dfc000-7f6906e08000 r-xp 00000000 08:01 3940618                    /usr/lib64/libnss_files-2.17.so
7f6906e08000-7f6907007000 ---p 0000c000 08:01 3940618                    /usr/lib64/libnss_files-2.17.so
7f6907007000-7f6907008000 r--p 0000b000 08:01 3940618                    /usr/lib64/libnss_files-2.17.so
7f6907008000-7f6907009000 rw-p 0000c000 08:01 3940618                    /usr/lib64/libnss_files-2.17.so
7f6907009000-7f690700f000 rw-p 00000000 00:00 0 
7f690700f000-7f6907039000 r-xp 00000000 08:01 4887432                    /usr/lib/jvm/java-1.8.0-sun-1.8.0.91/jre/lib/amd64/libjava.so
7f6907039000-7f6907239000 ---p 0002a000 08:01 4887432                    /usr/lib/jvm/java-1.8.0-sun-1.8.0.91/jre/lib/amd64/libjava.so
7f6907239000-7f690723b000 rw-p 0002a000 08:01 4887432                    /usr/lib/jvm/java-1.8.0-sun-1.8.0.91/jre/lib/amd64/libjava.so
7f690723b000-7f6907248000 r-xp 00000000 08:01 4887466                    /usr/lib/jvm/java-1.8.0-sun-1.8.0.91/jre/lib/amd64/libverify.so
7f6907248000-7f6907448000 ---p 0000d000 08:01 4887466                    /usr/lib/jvm/java-1.8.0-sun-1.8.0.91/jre/lib/amd64/libverify.so
7f6907448000-7f690744a000 rw-p 0000d000 08:01 4887466                    /usr/lib/jvm/java-1.8.0-sun-1.8.0.91/jre/lib/amd64/libverify.so
7f690744a000-7f6907451000 r-xp 00000000 08:01 3940630                    /usr/lib64/librt-2.17.so
7f6907451000-7f6907650000 ---p 00007000 08:01 3940630                    /usr/lib64/librt-2.17.so
7f6907650000-7f6907651000 r--p 00006000 08:01 3940630                    /usr/lib64/librt-2.17.so
7f6907651000-7f6907652000 rw-p 00007000 08:01 3940630                    /usr/lib64/librt-2.17.so
7f6907652000-7f6907753000 r-xp 00000000 08:01 3940608                    /usr/lib64/libm-2.17.so
7f6907753000-7f6907952000 ---p 00101000 08:01 3940608                    /usr/lib64/libm-2.17.so
7f6907952000-7f6907953000 r--p 00100000 08:01 3940608                    /usr/lib64/libm-2.17.so
7f6907953000-7f6907954000 rw-p 00101000 08:01 3940608                    /usr/lib64/libm-2.17.so
7f6907954000-7f6908614000 r-xp 00000000 08:01 4887471                    /usr/lib/jvm/java-1.8.0-sun-1.8.0.91/jre/lib/amd64/server/libjvm.so
7f6908614000-7f6908814000 ---p 00cc0000 08:01 4887471                    /usr/lib/jvm/java-1.8.0-sun-1.8.0.91/jre/lib/amd64/server/libjvm.so
7f6908814000-7f69088ec000 rw-p 00cc0000 08:01 4887471                    /usr/lib/jvm/java-1.8.0-sun-1.8.0.91/jre/lib/amd64/server/libjvm.so
7f69088ec000-7f6908937000 rw-p 00000000 00:00 0 
7f6908937000-7f6908aed000 r-xp 00000000 08:01 3940600                    /usr/lib64/libc-2.17.so
7f6908aed000-7f6908ced000 ---p 001b6000 08:01 3940600                    /usr/lib64/libc-2.17.so
7f6908ced000-7f6908cf1000 r--p 001b6000 08:01 3940600                    /usr/lib64/libc-2.17.so
7f6908cf1000-7f6908cf3000 rw-p 001ba000 08:01 3940600                    /usr/lib64/libc-2.17.so
7f6908cf3000-7f6908cf8000 rw-p 00000000 00:00 0 
7f6908cf8000-7f6908cfb000 r-xp 00000000 08:01 3940606                    /usr/lib64/libdl-2.17.so
7f6908cfb000-7f6908efa000 ---p 00003000 08:01 3940606                    /usr/lib64/libdl-2.17.so
7f6908efa000-7f6908efb000 r--p 00002000 08:01 3940606                    /usr/lib64/libdl-2.17.so
7f6908efb000-7f6908efc000 rw-p 00003000 08:01 3940606                    /usr/lib64/libdl-2.17.so
7f6908efc000-7f6908f11000 r-xp 00000000 08:01 5022814                    /usr/lib/jvm/java-1.8.0-sun-1.8.0.91/lib/amd64/jli/libjli.so
7f6908f11000-7f6909111000 ---p 00015000 08:01 5022814                    /usr/lib/jvm/java-1.8.0-sun-1.8.0.91/lib/amd64/jli/libjli.so
7f6909111000-7f6909112000 rw-p 00015000 08:01 5022814                    /usr/lib/jvm/java-1.8.0-sun-1.8.0.91/lib/amd64/jli/libjli.so
7f6909112000-7f6909128000 r-xp 00000000 08:01 3940626                    /usr/lib64/libpthread-2.17.so
7f6909128000-7f6909328000 ---p 00016000 08:01 3940626                    /usr/lib64/libpthread-2.17.so
7f6909328000-7f6909329000 r--p 00016000 08:01 3940626                    /usr/lib64/libpthread-2.17.so
7f6909329000-7f690932a000 rw-p 00017000 08:01 3940626                    /usr/lib64/libpthread-2.17.so
7f690932a000-7f690932e000 rw-p 00000000 00:00 0 
7f690932e000-7f690934f000 r-xp 00000000 08:01 3940593                    /usr/lib64/ld-2.17.so
7f6909422000-7f6909425000 ---p 00000000 00:00 0 
7f6909425000-7f6909527000 rw-p 00000000 00:00 0                          [stack:30987]
7f6909541000-7f6909544000 rw-p 00000000 00:00 0 
7f6909544000-7f690954c000 rw-s 00000000 08:05 389492                     /tmp/hsperfdata_s1400132/30978
7f690954c000-7f690954d000 rw-p 00000000 00:00 0 
7f690954d000-7f690954e000 r--p 00000000 00:00 0 
7f690954e000-7f690954f000 rw-p 00000000 00:00 0 
7f690954f000-7f6909550000 r--p 00021000 08:01 3940593                    /usr/lib64/ld-2.17.so
7f6909550000-7f6909551000 rw-p 00022000 08:01 3940593                    /usr/lib64/ld-2.17.so
7f6909551000-7f6909552000 rw-p 00000000 00:00 0 
7ffd0697e000-7ffd069a0000 rw-p 00000000 00:00 0                          [stack]
7ffd069a7000-7ffd069a9000 r-xp 00000000 00:00 0                          [vdso]
ffffffffff600000-ffffffffff601000 r-xp 00000000 00:00 0                  [vsyscall]

VM Arguments:
jvm_args: -Djava.security.policy=security.policy -Xmx12G 
java_command: ./dis-worker.jar localhost config-sample.properties 8 2 1
java_class_path (initial): ./dis-worker.jar
Launcher Type: SUN_STANDARD

Environment Variables:
PATH=/usr/lib64/qt-3.3/bin:/opt/mendeleydesktop/bin:/usr/local/bin/:/usr/lib/jvm/java-1.8.0/bin/:/opt/texlive/2015/bin/x86_64-linux:/opt/matlab-R2015a/bin/:/usr/local/sbin:/usr/bin:/sbin:/opt/sicstus-4.0.1/bin
SHELL=/bin/bash

Signal Handlers:
SIGSEGV: [libjvm.so+0xabca10], sa_mask[0]=11111111011111111101111111111110, sa_flags=SA_RESTART|SA_SIGINFO
SIGBUS: [libjvm.so+0xabca10], sa_mask[0]=11111111011111111101111111111110, sa_flags=SA_RESTART|SA_SIGINFO
SIGFPE: [libjvm.so+0x919a20], sa_mask[0]=11111111011111111101111111111110, sa_flags=SA_RESTART|SA_SIGINFO
SIGPIPE: [libjvm.so+0x919a20], sa_mask[0]=11111111011111111101111111111110, sa_flags=SA_RESTART|SA_SIGINFO
SIGXFSZ: [libjvm.so+0x919a20], sa_mask[0]=11111111011111111101111111111110, sa_flags=SA_RESTART|SA_SIGINFO
SIGILL: [libjvm.so+0x919a20], sa_mask[0]=11111111011111111101111111111110, sa_flags=SA_RESTART|SA_SIGINFO
SIGUSR1: SIG_DFL, sa_mask[0]=00000000000000000000000000000000, sa_flags=none
SIGUSR2: [libjvm.so+0x91b050], sa_mask[0]=00000000000000000000000000000000, sa_flags=SA_RESTART|SA_SIGINFO
SIGHUP: SIG_DFL, sa_mask[0]=00000000000000000000000000000000, sa_flags=none
SIGINT: SIG_DFL, sa_mask[0]=00000000000000000000000000000000, sa_flags=none
SIGTERM: SIG_DFL, sa_mask[0]=00000000000000000000000000000000, sa_flags=none
SIGQUIT: SIG_DFL, sa_mask[0]=00000000000000000000000000000000, sa_flags=none


---------------  S Y S T E M  ---------------

OS:Scientific Linux release 7.2 (Nitrogen)

uname:Linux 3.10.0-327.36.3.el7.x86_64 #1 SMP Mon Oct 24 09:16:18 CDT 2016 x86_64
libc:glibc 2.17 NPTL 2.17 
rlimit: STACK 8192k, CORE 0k, NPROC 4096, NOFILE 4096, AS infinity
load average:7.80 7.80 7.80

/proc/meminfo:
MemTotal:       396227888 kB
MemFree:        71455716 kB
MemAvailable:   105370624 kB
Buffers:          695272 kB
Cached:         31914072 kB
SwapCached:       385936 kB
Active:         294341244 kB
Inactive:       25106208 kB
Active(anon):   278010424 kB
Inactive(anon):  8833236 kB
Active(file):   16330820 kB
Inactive(file): 16272972 kB
Unevictable:          32 kB
Mlocked:              32 kB
SwapTotal:      33554940 kB
SwapFree:       21151212 kB
Dirty:               576 kB
Writeback:             0 kB
AnonPages:      286533384 kB
Mapped:           243848 kB
Shmem:              5532 kB
Slab:            1962208 kB
SReclaimable:    1648976 kB
SUnreclaim:       313232 kB
KernelStack:       97632 kB
PageTables:       726520 kB
NFS_Unstable:          0 kB
Bounce:                0 kB
WritebackTmp:          0 kB
CommitLimit:    231668884 kB
Committed_AS:   459139536 kB
VmallocTotal:   34359738367 kB
VmallocUsed:     1112608 kB
VmallocChunk:   34157121620 kB
HardwareCorrupted:     0 kB
AnonHugePages:  215556096 kB
HugePages_Total:       0
HugePages_Free:        0
HugePages_Rsvd:        0
HugePages_Surp:        0
Hugepagesize:       2048 kB
DirectMap4k:      469952 kB
DirectMap2M:    83369984 kB
DirectMap1G:    318767104 kB


CPU:total 40 (10 cores per cpu, 2 threads per core) family 6 model 62 stepping 4, cmov, cx8, fxsr, mmx, sse, sse2, sse3, ssse3, sse4.1, sse4.2, popcnt, avx, aes, clmul, erms, ht, tsc, tscinvbit

/proc/cpuinfo:
processor	: 0
vendor_id	: GenuineIntel
cpu family	: 6
model		: 62
model name	: Intel(R) Xeon(R) CPU E5-2690 v2 @ 3.00GHz
stepping	: 4
microcode	: 0x428
cpu MHz		: 3299.882
cache size	: 25600 KB
physical id	: 0
siblings	: 20
core id		: 0
cpu cores	: 10
apicid		: 0
initial apicid	: 0
fpu		: yes
fpu_exception	: yes
cpuid level	: 13
wp		: yes
flags		: fpu vme de pse tsc msr pae mce cx8 apic sep mtrr pge mca cmov pat pse36 clflush dts acpi mmx fxsr sse sse2 ss ht tm pbe syscall nx pdpe1gb rdtscp lm constant_tsc arch_perfmon pebs bts rep_good nopl xtopology nonstop_tsc aperfmperf eagerfpu pni pclmulqdq dtes64 monitor ds_cpl vmx smx est tm2 ssse3 cx16 xtpr pdcm pcid dca sse4_1 sse4_2 x2apic popcnt tsc_deadline_timer aes xsave avx f16c rdrand lahf_lm ida arat pln pts dtherm tpr_shadow vnmi flexpriority ept vpid fsgsbase smep erms xsaveopt
bogomips	: 6000.34
clflush size	: 64
cache_alignment	: 64
address sizes	: 46 bits physical, 48 bits virtual
power management:

processor	: 1
vendor_id	: GenuineIntel
cpu family	: 6
model		: 62
model name	: Intel(R) Xeon(R) CPU E5-2690 v2 @ 3.00GHz
stepping	: 4
microcode	: 0x428
cpu MHz		: 3299.882
cache size	: 25600 KB
physical id	: 1
siblings	: 20
core id		: 0
cpu cores	: 10
apicid		: 32
initial apicid	: 32
fpu		: yes
fpu_exception	: yes
cpuid level	: 13
wp		: yes
flags		: fpu vme de pse tsc msr pae mce cx8 apic sep mtrr pge mca cmov pat pse36 clflush dts acpi mmx fxsr sse sse2 ss ht tm pbe syscall nx pdpe1gb rdtscp lm constant_tsc arch_perfmon pebs bts rep_good nopl xtopology nonstop_tsc aperfmperf eagerfpu pni pclmulqdq dtes64 monitor ds_cpl vmx smx est tm2 ssse3 cx16 xtpr pdcm pcid dca sse4_1 sse4_2 x2apic popcnt tsc_deadline_timer aes xsave avx f16c rdrand lahf_lm ida arat pln pts dtherm tpr_shadow vnmi flexpriority ept vpid fsgsbase smep erms xsaveopt
bogomips	: 6006.32
clflush size	: 64
cache_alignment	: 64
address sizes	: 46 bits physical, 48 bits virtual
power management:

processor	: 2
vendor_id	: GenuineIntel
cpu family	: 6
model		: 62
model name	: Intel(R) Xeon(R) CPU E5-2690 v2 @ 3.00GHz
stepping	: 4
microcode	: 0x428
cpu MHz		: 3299.882
cache size	: 25600 KB
physical id	: 0
siblings	: 20
core id		: 1
cpu cores	: 10
apicid		: 2
initial apicid	: 2
fpu		: yes
fpu_exception	: yes
cpuid level	: 13
wp		: yes
flags		: fpu vme de pse tsc msr pae mce cx8 apic sep mtrr pge mca cmov pat pse36 clflush dts acpi mmx fxsr sse sse2 ss ht tm pbe syscall nx pdpe1gb rdtscp lm constant_tsc arch_perfmon pebs bts rep_good nopl xtopology nonstop_tsc aperfmperf eagerfpu pni pclmulqdq dtes64 monitor ds_cpl vmx smx est tm2 ssse3 cx16 xtpr pdcm pcid dca sse4_1 sse4_2 x2apic popcnt tsc_deadline_timer aes xsave avx f16c rdrand lahf_lm ida arat pln pts dtherm tpr_shadow vnmi flexpriority ept vpid fsgsbase smep erms xsaveopt
bogomips	: 6000.34
clflush size	: 64
cache_alignment	: 64
address sizes	: 46 bits physical, 48 bits virtual
power management:

processor	: 3
vendor_id	: GenuineIntel
cpu family	: 6
model		: 62
model name	: Intel(R) Xeon(R) CPU E5-2690 v2 @ 3.00GHz
stepping	: 4
microcode	: 0x428
cpu MHz		: 3299.882
cache size	: 25600 KB
physical id	: 1
siblings	: 20
core id		: 1
cpu cores	: 10
apicid		: 34
initial apicid	: 34
fpu		: yes
fpu_exception	: yes
cpuid level	: 13
wp		: yes
flags		: fpu vme de pse tsc msr pae mce cx8 apic sep mtrr pge mca cmov pat pse36 clflush dts acpi mmx fxsr sse sse2 ss ht tm pbe syscall nx pdpe1gb rdtscp lm constant_tsc arch_perfmon pebs bts rep_good nopl xtopology nonstop_tsc aperfmperf eagerfpu pni pclmulqdq dtes64 monitor ds_cpl vmx smx est tm2 ssse3 cx16 xtpr pdcm pcid dca sse4_1 sse4_2 x2apic popcnt tsc_deadline_timer aes xsave avx f16c rdrand lahf_lm ida arat pln pts dtherm tpr_shadow vnmi flexpriority ept vpid fsgsbase smep erms xsaveopt
bogomips	: 6006.32
clflush size	: 64
cache_alignment	: 64
address sizes	: 46 bits physical, 48 bits virtual
power management:

processor	: 4
vendor_id	: GenuineIntel
cpu family	: 6
model		: 62
model name	: Intel(R) Xeon(R) CPU E5-2690 v2 @ 3.00GHz
stepping	: 4
microcode	: 0x428
cpu MHz		: 3299.765
cache size	: 25600 KB
physical id	: 0
siblings	: 20
core id		: 2
cpu cores	: 10
apicid		: 4
initial apicid	: 4
fpu		: yes
fpu_exception	: yes
cpuid level	: 13
wp		: yes
flags		: fpu vme de pse tsc msr pae mce cx8 apic sep mtrr pge mca cmov pat pse36 clflush dts acpi mmx fxsr sse sse2 ss ht tm pbe syscall nx pdpe1gb rdtscp lm constant_tsc arch_perfmon pebs bts rep_good nopl xtopology nonstop_tsc aperfmperf eagerfpu pni pclmulqdq dtes64 monitor ds_cpl vmx smx est tm2 ssse3 cx16 xtpr pdcm pcid dca sse4_1 sse4_2 x2apic popcnt tsc_deadline_timer aes xsave avx f16c rdrand lahf_lm ida arat pln pts dtherm tpr_shadow vnmi flexpriority ept vpid fsgsbase smep erms xsaveopt
bogomips	: 6000.34
clflush size	: 64
cache_alignment	: 64
address sizes	: 46 bits physical, 48 bits virtual
power management:

processor	: 5
vendor_id	: GenuineIntel
cpu family	: 6
model		: 62
model name	: Intel(R) Xeon(R) CPU E5-2690 v2 @ 3.00GHz
stepping	: 4
microcode	: 0x428
cpu MHz		: 3300.000
cache size	: 25600 KB
physical id	: 1
siblings	: 20
core id		: 2
cpu cores	: 10
apicid		: 36
initial apicid	: 36
fpu		: yes
fpu_exception	: yes
cpuid level	: 13
wp		: yes
flags		: fpu vme de pse tsc msr pae mce cx8 apic sep mtrr pge mca cmov pat pse36 clflush dts acpi mmx fxsr sse sse2 ss ht tm pbe syscall nx pdpe1gb rdtscp lm constant_tsc arch_perfmon pebs bts rep_good nopl xtopology nonstop_tsc aperfmperf eagerfpu pni pclmulqdq dtes64 monitor ds_cpl vmx smx est tm2 ssse3 cx16 xtpr pdcm pcid dca sse4_1 sse4_2 x2apic popcnt tsc_deadline_timer aes xsave avx f16c rdrand lahf_lm ida arat pln pts dtherm tpr_shadow vnmi flexpriority ept vpid fsgsbase smep erms xsaveopt
bogomips	: 6006.32
clflush size	: 64
cache_alignment	: 64
address sizes	: 46 bits physical, 48 bits virtual
power management:

processor	: 6
vendor_id	: GenuineIntel
cpu family	: 6
model		: 62
model name	: Intel(R) Xeon(R) CPU E5-2690 v2 @ 3.00GHz
stepping	: 4
microcode	: 0x428
cpu MHz		: 3299.882
cache size	: 25600 KB
physical id	: 0
siblings	: 20
core id		: 3
cpu cores	: 10
apicid		: 6
initial apicid	: 6
fpu		: yes
fpu_exception	: yes
cpuid level	: 13
wp		: yes
flags		: fpu vme de pse tsc msr pae mce cx8 apic sep mtrr pge mca cmov pat pse36 clflush dts acpi mmx fxsr sse sse2 ss ht tm pbe syscall nx pdpe1gb rdtscp lm constant_tsc arch_perfmon pebs bts rep_good nopl xtopology nonstop_tsc aperfmperf eagerfpu pni pclmulqdq dtes64 monitor ds_cpl vmx smx est tm2 ssse3 cx16 xtpr pdcm pcid dca sse4_1 sse4_2 x2apic popcnt tsc_deadline_timer aes xsave avx f16c rdrand lahf_lm ida arat pln pts dtherm tpr_shadow vnmi flexpriority ept vpid fsgsbase smep erms xsaveopt
bogomips	: 6000.34
clflush size	: 64
cache_alignment	: 64
address sizes	: 46 bits physical, 48 bits virtual
power management:

processor	: 7
vendor_id	: GenuineIntel
cpu family	: 6
model		: 62
model name	: Intel(R) Xeon(R) CPU E5-2690 v2 @ 3.00GHz
stepping	: 4
microcode	: 0x428
cpu MHz		: 3300.000
cache size	: 25600 KB
physical id	: 1
siblings	: 20
core id		: 3
cpu cores	: 10
apicid		: 38
initial apicid	: 38
fpu		: yes
fpu_exception	: yes
cpuid level	: 13
wp		: yes
flags		: fpu vme de pse tsc msr pae mce cx8 apic sep mtrr pge mca cmov pat pse36 clflush dts acpi mmx fxsr sse sse2 ss ht tm pbe syscall nx pdpe1gb rdtscp lm constant_tsc arch_perfmon pebs bts rep_good nopl xtopology nonstop_tsc aperfmperf eagerfpu pni pclmulqdq dtes64 monitor ds_cpl vmx smx est tm2 ssse3 cx16 xtpr pdcm pcid dca sse4_1 sse4_2 x2apic popcnt tsc_deadline_timer aes xsave avx f16c rdrand lahf_lm ida arat pln pts dtherm tpr_shadow vnmi flexpriority ept vpid fsgsbase smep erms xsaveopt
bogomips	: 6006.32
clflush size	: 64
cache_alignment	: 64
address sizes	: 46 bits physical, 48 bits virtual
power management:

processor	: 8
vendor_id	: GenuineIntel
cpu family	: 6
model		: 62
model name	: Intel(R) Xeon(R) CPU E5-2690 v2 @ 3.00GHz
stepping	: 4
microcode	: 0x428
cpu MHz		: 3299.882
cache size	: 25600 KB
physical id	: 0
siblings	: 20
core id		: 4
cpu cores	: 10
apicid		: 8
initial apicid	: 8
fpu		: yes
fpu_exception	: yes
cpuid level	: 13
wp		: yes
flags		: fpu vme de pse tsc msr pae mce cx8 apic sep mtrr pge mca cmov pat pse36 clflush dts acpi mmx fxsr sse sse2 ss ht tm pbe syscall nx pdpe1gb rdtscp lm constant_tsc arch_perfmon pebs bts rep_good nopl xtopology nonstop_tsc aperfmperf eagerfpu pni pclmulqdq dtes64 monitor ds_cpl vmx smx est tm2 ssse3 cx16 xtpr pdcm pcid dca sse4_1 sse4_2 x2apic popcnt tsc_deadline_timer aes xsave avx f16c rdrand lahf_lm ida arat pln pts dtherm tpr_shadow vnmi flexpriority ept vpid fsgsbase smep erms xsaveopt
bogomips	: 6000.34
clflush size	: 64
cache_alignment	: 64
address sizes	: 46 bits physical, 48 bits virtual
power management:

processor	: 9
vendor_id	: GenuineIntel
cpu family	: 6
model		: 62
model name	: Intel(R) Xeon(R) CPU E5-2690 v2 @ 3.00GHz
stepping	: 4
microcode	: 0x428
cpu MHz		: 3299.765
cache size	: 25600 KB
physical id	: 1
siblings	: 20
core id		: 4
cpu cores	: 10
apicid		: 40
initial apicid	: 40
fpu		: yes
fpu_exception	: yes
cpuid level	: 13
wp		: yes
flags		: fpu vme de pse tsc msr pae mce cx8 apic sep mtrr pge mca cmov pat pse36 clflush dts acpi mmx fxsr sse sse2 ss ht tm pbe syscall nx pdpe1gb rdtscp lm constant_tsc arch_perfmon pebs bts rep_good nopl xtopology nonstop_tsc aperfmperf eagerfpu pni pclmulqdq dtes64 monitor ds_cpl vmx smx est tm2 ssse3 cx16 xtpr pdcm pcid dca sse4_1 sse4_2 x2apic popcnt tsc_deadline_timer aes xsave avx f16c rdrand lahf_lm ida arat pln pts dtherm tpr_shadow vnmi flexpriority ept vpid fsgsbase smep erms xsaveopt
bogomips	: 6006.32
clflush size	: 64
cache_alignment	: 64
address sizes	: 46 bits physical, 48 bits virtual
power management:

processor	: 10
vendor_id	: GenuineIntel
cpu family	: 6
model		: 62
model name	: Intel(R) Xeon(R) CPU E5-2690 v2 @ 3.00GHz
stepping	: 4
microcode	: 0x428
cpu MHz		: 3299.882
cache size	: 25600 KB
physical id	: 0
siblings	: 20
core id		: 8
cpu cores	: 10
apicid		: 16
initial apicid	: 16
fpu		: yes
fpu_exception	: yes
cpuid level	: 13
wp		: yes
flags		: fpu vme de pse tsc msr pae mce cx8 apic sep mtrr pge mca cmov pat pse36 clflush dts acpi mmx fxsr sse sse2 ss ht tm pbe syscall nx pdpe1gb rdtscp lm constant_tsc arch_perfmon pebs bts rep_good nopl xtopology nonstop_tsc aperfmperf eagerfpu pni pclmulqdq dtes64 monitor ds_cpl vmx smx est tm2 ssse3 cx16 xtpr pdcm pcid dca sse4_1 sse4_2 x2apic popcnt tsc_deadline_timer aes xsave avx f16c rdrand lahf_lm ida arat pln pts dtherm tpr_shadow vnmi flexpriority ept vpid fsgsbase smep erms xsaveopt
bogomips	: 6000.34
clflush size	: 64
cache_alignment	: 64
address sizes	: 46 bits physical, 48 bits virtual
power management:

processor	: 11
vendor_id	: GenuineIntel
cpu family	: 6
model		: 62
model name	: Intel(R) Xeon(R) CPU E5-2690 v2 @ 3.00GHz
stepping	: 4
microcode	: 0x428
cpu MHz		: 3299.882
cache size	: 25600 KB
physical id	: 1
siblings	: 20
core id		: 8
cpu cores	: 10
apicid		: 48
initial apicid	: 48
fpu		: yes
fpu_exception	: yes
cpuid level	: 13
wp		: yes
flags		: fpu vme de pse tsc msr pae mce cx8 apic sep mtrr pge mca cmov pat pse36 clflush dts acpi mmx fxsr sse sse2 ss ht tm pbe syscall nx pdpe1gb rdtscp lm constant_tsc arch_perfmon pebs bts rep_good nopl xtopology nonstop_tsc aperfmperf eagerfpu pni pclmulqdq dtes64 monitor ds_cpl vmx smx est tm2 ssse3 cx16 xtpr pdcm pcid dca sse4_1 sse4_2 x2apic popcnt tsc_deadline_timer aes xsave avx f16c rdrand lahf_lm ida arat pln pts dtherm tpr_shadow vnmi flexpriority ept vpid fsgsbase smep erms xsaveopt
bogomips	: 6006.32
clflush size	: 64
cache_alignment	: 64
address sizes	: 46 bits physical, 48 bits virtual
power management:

processor	: 12
vendor_id	: GenuineIntel
cpu family	: 6
model		: 62
model name	: Intel(R) Xeon(R) CPU E5-2690 v2 @ 3.00GHz
stepping	: 4
microcode	: 0x428
cpu MHz		: 3299.882
cache size	: 25600 KB
physical id	: 0
siblings	: 20
core id		: 9
cpu cores	: 10
apicid		: 18
initial apicid	: 18
fpu		: yes
fpu_exception	: yes
cpuid level	: 13
wp		: yes
flags		: fpu vme de pse tsc msr pae mce cx8 apic sep mtrr pge mca cmov pat pse36 clflush dts acpi mmx fxsr sse sse2 ss ht tm pbe syscall nx pdpe1gb rdtscp lm constant_tsc arch_perfmon pebs bts rep_good nopl xtopology nonstop_tsc aperfmperf eagerfpu pni pclmulqdq dtes64 monitor ds_cpl vmx smx est tm2 ssse3 cx16 xtpr pdcm pcid dca sse4_1 sse4_2 x2apic popcnt tsc_deadline_timer aes xsave avx f16c rdrand lahf_lm ida arat pln pts dtherm tpr_shadow vnmi flexpriority ept vpid fsgsbase smep erms xsaveopt
bogomips	: 6000.34
clflush size	: 64
cache_alignment	: 64
address sizes	: 46 bits physical, 48 bits virtual
power management:

processor	: 13
vendor_id	: GenuineIntel
cpu family	: 6
model		: 62
model name	: Intel(R) Xeon(R) CPU E5-2690 v2 @ 3.00GHz
stepping	: 4
microcode	: 0x428
cpu MHz		: 3299.882
cache size	: 25600 KB
physical id	: 1
siblings	: 20
core id		: 9
cpu cores	: 10
apicid		: 50
initial apicid	: 50
fpu		: yes
fpu_exception	: yes
cpuid level	: 13
wp		: yes
flags		: fpu vme de pse tsc msr pae mce cx8 apic sep mtrr pge mca cmov pat pse36 clflush dts acpi mmx fxsr sse sse2 ss ht tm pbe syscall nx pdpe1gb rdtscp lm constant_tsc arch_perfmon pebs bts rep_good nopl xtopology nonstop_tsc aperfmperf eagerfpu pni pclmulqdq dtes64 monitor ds_cpl vmx smx est tm2 ssse3 cx16 xtpr pdcm pcid dca sse4_1 sse4_2 x2apic popcnt tsc_deadline_timer aes xsave avx f16c rdrand lahf_lm ida arat pln pts dtherm tpr_shadow vnmi flexpriority ept vpid fsgsbase smep erms xsaveopt
bogomips	: 6006.32
clflush size	: 64
cache_alignment	: 64
address sizes	: 46 bits physical, 48 bits virtual
power management:

processor	: 14
vendor_id	: GenuineIntel
cpu family	: 6
model		: 62
model name	: Intel(R) Xeon(R) CPU E5-2690 v2 @ 3.00GHz
stepping	: 4
microcode	: 0x428
cpu MHz		: 3300.000
cache size	: 25600 KB
physical id	: 0
siblings	: 20
core id		: 10
cpu cores	: 10
apicid		: 20
initial apicid	: 20
fpu		: yes
fpu_exception	: yes
cpuid level	: 13
wp		: yes
flags		: fpu vme de pse tsc msr pae mce cx8 apic sep mtrr pge mca cmov pat pse36 clflush dts acpi mmx fxsr sse sse2 ss ht tm pbe syscall nx pdpe1gb rdtscp lm constant_tsc arch_perfmon pebs bts rep_good nopl xtopology nonstop_tsc aperfmperf eagerfpu pni pclmulqdq dtes64 monitor ds_cpl vmx smx est tm2 ssse3 cx16 xtpr pdcm pcid dca sse4_1 sse4_2 x2apic popcnt tsc_deadline_timer aes xsave avx f16c rdrand lahf_lm ida arat pln pts dtherm tpr_shadow vnmi flexpriority ept vpid fsgsbase smep erms xsaveopt
bogomips	: 6000.34
clflush size	: 64
cache_alignment	: 64
address sizes	: 46 bits physical, 48 bits virtual
power management:

processor	: 15
vendor_id	: GenuineIntel
cpu family	: 6
model		: 62
model name	: Intel(R) Xeon(R) CPU E5-2690 v2 @ 3.00GHz
stepping	: 4
microcode	: 0x428
cpu MHz		: 3299.882
cache size	: 25600 KB
physical id	: 1
siblings	: 20
core id		: 10
cpu cores	: 10
apicid		: 52
initial apicid	: 52
fpu		: yes
fpu_exception	: yes
cpuid level	: 13
wp		: yes
flags		: fpu vme de pse tsc msr pae mce cx8 apic sep mtrr pge mca cmov pat pse36 clflush dts acpi mmx fxsr sse sse2 ss ht tm pbe syscall nx pdpe1gb rdtscp lm constant_tsc arch_perfmon pebs bts rep_good nopl xtopology nonstop_tsc aperfmperf eagerfpu pni pclmulqdq dtes64 monitor ds_cpl vmx smx est tm2 ssse3 cx16 xtpr pdcm pcid dca sse4_1 sse4_2 x2apic popcnt tsc_deadline_timer aes xsave avx f16c rdrand lahf_lm ida arat pln pts dtherm tpr_shadow vnmi flexpriority ept vpid fsgsbase smep erms xsaveopt
bogomips	: 6006.32
clflush size	: 64
cache_alignment	: 64
address sizes	: 46 bits physical, 48 bits virtual
power management:

processor	: 16
vendor_id	: GenuineIntel
cpu family	: 6
model		: 62
model name	: Intel(R) Xeon(R) CPU E5-2690 v2 @ 3.00GHz
stepping	: 4
microcode	: 0x428
cpu MHz		: 3300.000
cache size	: 25600 KB
physical id	: 0
siblings	: 20
core id		: 11
cpu cores	: 10
apicid		: 22
initial apicid	: 22
fpu		: yes
fpu_exception	: yes
cpuid level	: 13
wp		: yes
flags		: fpu vme de pse tsc msr pae mce cx8 apic sep mtrr pge mca cmov pat pse36 clflush dts acpi mmx fxsr sse sse2 ss ht tm pbe syscall nx pdpe1gb rdtscp lm constant_tsc arch_perfmon pebs bts rep_good nopl xtopology nonstop_tsc aperfmperf eagerfpu pni pclmulqdq dtes64 monitor ds_cpl vmx smx est tm2 ssse3 cx16 xtpr pdcm pcid dca sse4_1 sse4_2 x2apic popcnt tsc_deadline_timer aes xsave avx f16c rdrand lahf_lm ida arat pln pts dtherm tpr_shadow vnmi flexpriority ept vpid fsgsbase smep erms xsaveopt
bogomips	: 6000.34
clflush size	: 64
cache_alignment	: 64
address sizes	: 46 bits physical, 48 bits virtual
power management:

processor	: 17
vendor_id	: GenuineIntel
cpu family	: 6
model		: 62
model name	: Intel(R) Xeon(R) CPU E5-2690 v2 @ 3.00GHz
stepping	: 4
microcode	: 0x428
cpu MHz		: 3299.882
cache size	: 25600 KB
physical id	: 1
siblings	: 20
core id		: 11
cpu cores	: 10
apicid		: 54
initial apicid	: 54
fpu		: yes
fpu_exception	: yes
cpuid level	: 13
wp		: yes
flags		: fpu vme de pse tsc msr pae mce cx8 apic sep mtrr pge mca cmov pat pse36 clflush dts acpi mmx fxsr sse sse2 ss ht tm pbe syscall nx pdpe1gb rdtscp lm constant_tsc arch_perfmon pebs bts rep_good nopl xtopology nonstop_tsc aperfmperf eagerfpu pni pclmulqdq dtes64 monitor ds_cpl vmx smx est tm2 ssse3 cx16 xtpr pdcm pcid dca sse4_1 sse4_2 x2apic popcnt tsc_deadline_timer aes xsave avx f16c rdrand lahf_lm ida arat pln pts dtherm tpr_shadow vnmi flexpriority ept vpid fsgsbase smep erms xsaveopt
bogomips	: 6006.32
clflush size	: 64
cache_alignment	: 64
address sizes	: 46 bits physical, 48 bits virtual
power management:

processor	: 18
vendor_id	: GenuineIntel
cpu family	: 6
model		: 62
model name	: Intel(R) Xeon(R) CPU E5-2690 v2 @ 3.00GHz
stepping	: 4
microcode	: 0x428
cpu MHz		: 3300.234
cache size	: 25600 KB
physical id	: 0
siblings	: 20
core id		: 12
cpu cores	: 10
apicid		: 24
initial apicid	: 24
fpu		: yes
fpu_exception	: yes
cpuid level	: 13
wp		: yes
flags		: fpu vme de pse tsc msr pae mce cx8 apic sep mtrr pge mca cmov pat pse36 clflush dts acpi mmx fxsr sse sse2 ss ht tm pbe syscall nx pdpe1gb rdtscp lm constant_tsc arch_perfmon pebs bts rep_good nopl xtopology nonstop_tsc aperfmperf eagerfpu pni pclmulqdq dtes64 monitor ds_cpl vmx smx est tm2 ssse3 cx16 xtpr pdcm pcid dca sse4_1 sse4_2 x2apic popcnt tsc_deadline_timer aes xsave avx f16c rdrand lahf_lm ida arat pln pts dtherm tpr_shadow vnmi flexpriority ept vpid fsgsbase smep erms xsaveopt
bogomips	: 6000.34
clflush size	: 64
cache_alignment	: 64
address sizes	: 46 bits physical, 48 bits virtual
power management:

processor	: 19
vendor_id	: GenuineIntel
cpu family	: 6
model		: 62
model name	: Intel(R) Xeon(R) CPU E5-2690 v2 @ 3.00GHz
stepping	: 4
microcode	: 0x428
cpu MHz		: 3300.000
cache size	: 25600 KB
physical id	: 1
siblings	: 20
core id		: 12
cpu cores	: 10
apicid		: 56
initial apicid	: 56
fpu		: yes
fpu_exception	: yes
cpuid level	: 13
wp		: yes
flags		: fpu vme de pse tsc msr pae mce cx8 apic sep mtrr pge mca cmov pat pse36 clflush dts acpi mmx fxsr sse sse2 ss ht tm pbe syscall nx pdpe1gb rdtscp lm constant_tsc arch_perfmon pebs bts rep_good nopl xtopology nonstop_tsc aperfmperf eagerfpu pni pclmulqdq dtes64 monitor ds_cpl vmx smx est tm2 ssse3 cx16 xtpr pdcm pcid dca sse4_1 sse4_2 x2apic popcnt tsc_deadline_timer aes xsave avx f16c rdrand lahf_lm ida arat pln pts dtherm tpr_shadow vnmi flexpriority ept vpid fsgsbase smep erms xsaveopt
bogomips	: 6006.32
clflush size	: 64
cache_alignment	: 64
address sizes	: 46 bits physical, 48 bits virtual
power management:

processor	: 20
vendor_id	: GenuineIntel
cpu family	: 6
model		: 62
model name	: Intel(R) Xeon(R) CPU E5-2690 v2 @ 3.00GHz
stepping	: 4
microcode	: 0x428
cpu MHz		: 3299.882
cache size	: 25600 KB
physical id	: 0
siblings	: 20
core id		: 0
cpu cores	: 10
apicid		: 1
initial apicid	: 1
fpu		: yes
fpu_exception	: yes
cpuid level	: 13
wp		: yes
flags		: fpu vme de pse tsc msr pae mce cx8 apic sep mtrr pge mca cmov pat pse36 clflush dts acpi mmx fxsr sse sse2 ss ht tm pbe syscall nx pdpe1gb rdtscp lm constant_tsc arch_perfmon pebs bts rep_good nopl xtopology nonstop_tsc aperfmperf eagerfpu pni pclmulqdq dtes64 monitor ds_cpl vmx smx est tm2 ssse3 cx16 xtpr pdcm pcid dca sse4_1 sse4_2 x2apic popcnt tsc_deadline_timer aes xsave avx f16c rdrand lahf_lm ida arat pln pts dtherm tpr_shadow vnmi flexpriority ept vpid fsgsbase smep erms xsaveopt
bogomips	: 6000.34
clflush size	: 64
cache_alignment	: 64
address sizes	: 46 bits physical, 48 bits virtual
power management:

processor	: 21
vendor_id	: GenuineIntel
cpu family	: 6
model		: 62
model name	: Intel(R) Xeon(R) CPU E5-2690 v2 @ 3.00GHz
stepping	: 4
microcode	: 0x428
cpu MHz		: 3299.882
cache size	: 25600 KB
physical id	: 1
siblings	: 20
core id		: 0
cpu cores	: 10
apicid		: 33
initial apicid	: 33
fpu		: yes
fpu_exception	: yes
cpuid level	: 13
wp		: yes
flags		: fpu vme de pse tsc msr pae mce cx8 apic sep mtrr pge mca cmov pat pse36 clflush dts acpi mmx fxsr sse sse2 ss ht tm pbe syscall nx pdpe1gb rdtscp lm constant_tsc arch_perfmon pebs bts rep_good nopl xtopology nonstop_tsc aperfmperf eagerfpu pni pclmulqdq dtes64 monitor ds_cpl vmx smx est tm2 ssse3 cx16 xtpr pdcm pcid dca sse4_1 sse4_2 x2apic popcnt tsc_deadline_timer aes xsave avx f16c rdrand lahf_lm ida arat pln pts dtherm tpr_shadow vnmi flexpriority ept vpid fsgsbase smep erms xsaveopt
bogomips	: 6006.32
clflush size	: 64
cache_alignment	: 64
address sizes	: 46 bits physical, 48 bits virtual
power management:

processor	: 22
vendor_id	: GenuineIntel
cpu family	: 6
model		: 62
model name	: Intel(R) Xeon(R) CPU E5-2690 v2 @ 3.00GHz
stepping	: 4
microcode	: 0x428
cpu MHz		: 3300.000
cache size	: 25600 KB
physical id	: 0
siblings	: 20
core id		: 1
cpu cores	: 10
apicid		: 3
initial apicid	: 3
fpu		: yes
fpu_exception	: yes
cpuid level	: 13
wp		: yes
flags		: fpu vme de pse tsc msr pae mce cx8 apic sep mtrr pge mca cmov pat pse36 clflush dts acpi mmx fxsr sse sse2 ss ht tm pbe syscall nx pdpe1gb rdtscp lm constant_tsc arch_perfmon pebs bts rep_good nopl xtopology nonstop_tsc aperfmperf eagerfpu pni pclmulqdq dtes64 monitor ds_cpl vmx smx est tm2 ssse3 cx16 xtpr pdcm pcid dca sse4_1 sse4_2 x2apic popcnt tsc_deadline_timer aes xsave avx f16c rdrand lahf_lm ida arat pln pts dtherm tpr_shadow vnmi flexpriority ept vpid fsgsbase smep erms xsaveopt
bogomips	: 6000.34
clflush size	: 64
cache_alignment	: 64
address sizes	: 46 bits physical, 48 bits virtual
power management:

processor	: 23
vendor_id	: GenuineIntel
cpu family	: 6
model		: 62
model name	: Intel(R) Xeon(R) CPU E5-2690 v2 @ 3.00GHz
stepping	: 4
microcode	: 0x428
cpu MHz		: 3300.585
cache size	: 25600 KB
physical id	: 1
siblings	: 20
core id		: 1
cpu cores	: 10
apicid		: 35
initial apicid	: 35
fpu		: yes
fpu_exception	: yes
cpuid level	: 13
wp		: yes
flags		: fpu vme de pse tsc msr pae mce cx8 apic sep mtrr pge mca cmov pat pse36 clflush dts acpi mmx fxsr sse sse2 ss ht tm pbe syscall nx pdpe1gb rdtscp lm constant_tsc arch_perfmon pebs bts rep_good nopl xtopology nonstop_tsc aperfmperf eagerfpu pni pclmulqdq dtes64 monitor ds_cpl vmx smx est tm2 ssse3 cx16 xtpr pdcm pcid dca sse4_1 sse4_2 x2apic popcnt tsc_deadline_timer aes xsave avx f16c rdrand lahf_lm ida arat pln pts dtherm tpr_shadow vnmi flexpriority ept vpid fsgsbase smep erms xsaveopt
bogomips	: 6006.32
clflush size	: 64
cache_alignment	: 64
address sizes	: 46 bits physical, 48 bits virtual
power management:

processor	: 24
vendor_id	: GenuineIntel
cpu family	: 6
model		: 62
model name	: Intel(R) Xeon(R) CPU E5-2690 v2 @ 3.00GHz
stepping	: 4
microcode	: 0x428
cpu MHz		: 3300.000
cache size	: 25600 KB
physical id	: 0
siblings	: 20
core id		: 2
cpu cores	: 10
apicid		: 5
initial apicid	: 5
fpu		: yes
fpu_exception	: yes
cpuid level	: 13
wp		: yes
flags		: fpu vme de pse tsc msr pae mce cx8 apic sep mtrr pge mca cmov pat pse36 clflush dts acpi mmx fxsr sse sse2 ss ht tm pbe syscall nx pdpe1gb rdtscp lm constant_tsc arch_perfmon pebs bts rep_good nopl xtopology nonstop_tsc aperfmperf eagerfpu pni pclmulqdq dtes64 monitor ds_cpl vmx smx est tm2 ssse3 cx16 xtpr pdcm pcid dca sse4_1 sse4_2 x2apic popcnt tsc_deadline_timer aes xsave avx f16c rdrand lahf_lm ida arat pln pts dtherm tpr_shadow vnmi flexpriority ept vpid fsgsbase smep erms xsaveopt
bogomips	: 6000.34
clflush size	: 64
cache_alignment	: 64
address sizes	: 46 bits physical, 48 bits virtual
power management:

processor	: 25
vendor_id	: GenuineIntel
cpu family	: 6
model		: 62
model name	: Intel(R) Xeon(R) CPU E5-2690 v2 @ 3.00GHz
stepping	: 4
microcode	: 0x428
cpu MHz		: 3300.000
cache size	: 25600 KB
physical id	: 1
siblings	: 20
core id		: 2
cpu cores	: 10
apicid		: 37
initial apicid	: 37
fpu		: yes
fpu_exception	: yes
cpuid level	: 13
wp		: yes
flags		: fpu vme de pse tsc msr pae mce cx8 apic sep mtrr pge mca cmov pat pse36 clflush dts acpi mmx fxsr sse sse2 ss ht tm pbe syscall nx pdpe1gb rdtscp lm constant_tsc arch_perfmon pebs bts rep_good nopl xtopology nonstop_tsc aperfmperf eagerfpu pni pclmulqdq dtes64 monitor ds_cpl vmx smx est tm2 ssse3 cx16 xtpr pdcm pcid dca sse4_1 sse4_2 x2apic popcnt tsc_deadline_timer aes xsave avx f16c rdrand lahf_lm ida arat pln pts dtherm tpr_shadow vnmi flexpriority ept vpid fsgsbase smep erms xsaveopt
bogomips	: 6006.32
clflush size	: 64
cache_alignment	: 64
address sizes	: 46 bits physical, 48 bits virtual
power management:

processor	: 26
vendor_id	: GenuineIntel
cpu family	: 6
model		: 62
model name	: Intel(R) Xeon(R) CPU E5-2690 v2 @ 3.00GHz
stepping	: 4
microcode	: 0x428
cpu MHz		: 3299.882
cache size	: 25600 KB
physical id	: 0
siblings	: 20
core id		: 3
cpu cores	: 10
apicid		: 7
initial apicid	: 7
fpu		: yes
fpu_exception	: yes
cpuid level	: 13
wp		: yes
flags		: fpu vme de pse tsc msr pae mce cx8 apic sep mtrr pge mca cmov pat pse36 clflush dts acpi mmx fxsr sse sse2 ss ht tm pbe syscall nx pdpe1gb rdtscp lm constant_tsc arch_perfmon pebs bts rep_good nopl xtopology nonstop_tsc aperfmperf eagerfpu pni pclmulqdq dtes64 monitor ds_cpl vmx smx est tm2 ssse3 cx16 xtpr pdcm pcid dca sse4_1 sse4_2 x2apic popcnt tsc_deadline_timer aes xsave avx f16c rdrand lahf_lm ida arat pln pts dtherm tpr_shadow vnmi flexpriority ept vpid fsgsbase smep erms xsaveopt
bogomips	: 6000.34
clflush size	: 64
cache_alignment	: 64
address sizes	: 46 bits physical, 48 bits virtual
power management:

processor	: 27
vendor_id	: GenuineIntel
cpu family	: 6
model		: 62
model name	: Intel(R) Xeon(R) CPU E5-2690 v2 @ 3.00GHz
stepping	: 4
microcode	: 0x428
cpu MHz		: 3300.000
cache size	: 25600 KB
physical id	: 1
siblings	: 20
core id		: 3
cpu cores	: 10
apicid		: 39
initial apicid	: 39
fpu		: yes
fpu_exception	: yes
cpuid level	: 13
wp		: yes
flags		: fpu vme de pse tsc msr pae mce cx8 apic sep mtrr pge mca cmov pat pse36 clflush dts acpi mmx fxsr sse sse2 ss ht tm pbe syscall nx pdpe1gb rdtscp lm constant_tsc arch_perfmon pebs bts rep_good nopl xtopology nonstop_tsc aperfmperf eagerfpu pni pclmulqdq dtes64 monitor ds_cpl vmx smx est tm2 ssse3 cx16 xtpr pdcm pcid dca sse4_1 sse4_2 x2apic popcnt tsc_deadline_timer aes xsave avx f16c rdrand lahf_lm ida arat pln pts dtherm tpr_shadow vnmi flexpriority ept vpid fsgsbase smep erms xsaveopt
bogomips	: 6006.32
clflush size	: 64
cache_alignment	: 64
address sizes	: 46 bits physical, 48 bits virtual
power management:

processor	: 28
vendor_id	: GenuineIntel
cpu family	: 6
model		: 62
model name	: Intel(R) Xeon(R) CPU E5-2690 v2 @ 3.00GHz
stepping	: 4
microcode	: 0x428
cpu MHz		: 3300.000
cache size	: 25600 KB
physical id	: 0
siblings	: 20
core id		: 4
cpu cores	: 10
apicid		: 9
initial apicid	: 9
fpu		: yes
fpu_exception	: yes
cpuid level	: 13
wp		: yes
flags		: fpu vme de pse tsc msr pae mce cx8 apic sep mtrr pge mca cmov pat pse36 clflush dts acpi mmx fxsr sse sse2 ss ht tm pbe syscall nx pdpe1gb rdtscp lm constant_tsc arch_perfmon pebs bts rep_good nopl xtopology nonstop_tsc aperfmperf eagerfpu pni pclmulqdq dtes64 monitor ds_cpl vmx smx est tm2 ssse3 cx16 xtpr pdcm pcid dca sse4_1 sse4_2 x2apic popcnt tsc_deadline_timer aes xsave avx f16c rdrand lahf_lm ida arat pln pts dtherm tpr_shadow vnmi flexpriority ept vpid fsgsbase smep erms xsaveopt
bogomips	: 6000.34
clflush size	: 64
cache_alignment	: 64
address sizes	: 46 bits physical, 48 bits virtual
power management:

processor	: 29
vendor_id	: GenuineIntel
cpu family	: 6
model		: 62
model name	: Intel(R) Xeon(R) CPU E5-2690 v2 @ 3.00GHz
stepping	: 4
microcode	: 0x428
cpu MHz		: 3300.000
cache size	: 25600 KB
physical id	: 1
siblings	: 20
core id		: 4
cpu cores	: 10
apicid		: 41
initial apicid	: 41
fpu		: yes
fpu_exception	: yes
cpuid level	: 13
wp		: yes
flags		: fpu vme de pse tsc msr pae mce cx8 apic sep mtrr pge mca cmov pat pse36 clflush dts acpi mmx fxsr sse sse2 ss ht tm pbe syscall nx pdpe1gb rdtscp lm constant_tsc arch_perfmon pebs bts rep_good nopl xtopology nonstop_tsc aperfmperf eagerfpu pni pclmulqdq dtes64 monitor ds_cpl vmx smx est tm2 ssse3 cx16 xtpr pdcm pcid dca sse4_1 sse4_2 x2apic popcnt tsc_deadline_timer aes xsave avx f16c rdrand lahf_lm ida arat pln pts dtherm tpr_shadow vnmi flexpriority ept vpid fsgsbase smep erms xsaveopt
bogomips	: 6006.32
clflush size	: 64
cache_alignment	: 64
address sizes	: 46 bits physical, 48 bits virtual
power management:

processor	: 30
vendor_id	: GenuineIntel
cpu family	: 6
model		: 62
model name	: Intel(R) Xeon(R) CPU E5-2690 v2 @ 3.00GHz
stepping	: 4
microcode	: 0x428
cpu MHz		: 3300.000
cache size	: 25600 KB
physical id	: 0
siblings	: 20
core id		: 8
cpu cores	: 10
apicid		: 17
initial apicid	: 17
fpu		: yes
fpu_exception	: yes
cpuid level	: 13
wp		: yes
flags		: fpu vme de pse tsc msr pae mce cx8 apic sep mtrr pge mca cmov pat pse36 clflush dts acpi mmx fxsr sse sse2 ss ht tm pbe syscall nx pdpe1gb rdtscp lm constant_tsc arch_perfmon pebs bts rep_good nopl xtopology nonstop_tsc aperfmperf eagerfpu pni pclmulqdq dtes64 monitor ds_cpl vmx smx est tm2 ssse3 cx16 xtpr pdcm pcid dca sse4_1 sse4_2 x2apic popcnt tsc_deadline_timer aes xsave avx f16c rdrand lahf_lm ida arat pln pts dtherm tpr_shadow vnmi flexpriority ept vpid fsgsbase smep erms xsaveopt
bogomips	: 6000.34
clflush size	: 64
cache_alignment	: 64
address sizes	: 46 bits physical, 48 bits virtual
power management:

processor	: 31
vendor_id	: GenuineIntel
cpu family	: 6
model		: 62
model name	: Intel(R) Xeon(R) CPU E5-2690 v2 @ 3.00GHz
stepping	: 4
microcode	: 0x428
cpu MHz		: 3299.882
cache size	: 25600 KB
physical id	: 1
siblings	: 20
core id		: 8
cpu cores	: 10
apicid		: 49
initial apicid	: 49
fpu		: yes
fpu_exception	: yes
cpuid level	: 13
wp		: yes
flags		: fpu vme de pse tsc msr pae mce cx8 apic sep mtrr pge mca cmov pat pse36 clflush dts acpi mmx fxsr sse sse2 ss ht tm pbe syscall nx pdpe1gb rdtscp lm constant_tsc arch_perfmon pebs bts rep_good nopl xtopology nonstop_tsc aperfmperf eagerfpu pni pclmulqdq dtes64 monitor ds_cpl vmx smx est tm2 ssse3 cx16 xtpr pdcm pcid dca sse4_1 sse4_2 x2apic popcnt tsc_deadline_timer aes xsave avx f16c rdrand lahf_lm ida arat pln pts dtherm tpr_shadow vnmi flexpriority ept vpid fsgsbase smep erms xsaveopt
bogomips	: 6006.32
clflush size	: 64
cache_alignment	: 64
address sizes	: 46 bits physical, 48 bits virtual
power management:

processor	: 32
vendor_id	: GenuineIntel
cpu family	: 6
model		: 62
model name	: Intel(R) Xeon(R) CPU E5-2690 v2 @ 3.00GHz
stepping	: 4
microcode	: 0x428
cpu MHz		: 3299.882
cache size	: 25600 KB
physical id	: 0
siblings	: 20
core id		: 9
cpu cores	: 10
apicid		: 19
initial apicid	: 19
fpu		: yes
fpu_exception	: yes
cpuid level	: 13
wp		: yes
flags		: fpu vme de pse tsc msr pae mce cx8 apic sep mtrr pge mca cmov pat pse36 clflush dts acpi mmx fxsr sse sse2 ss ht tm pbe syscall nx pdpe1gb rdtscp lm constant_tsc arch_perfmon pebs bts rep_good nopl xtopology nonstop_tsc aperfmperf eagerfpu pni pclmulqdq dtes64 monitor ds_cpl vmx smx est tm2 ssse3 cx16 xtpr pdcm pcid dca sse4_1 sse4_2 x2apic popcnt tsc_deadline_timer aes xsave avx f16c rdrand lahf_lm ida arat pln pts dtherm tpr_shadow vnmi flexpriority ept vpid fsgsbase smep erms xsaveopt
bogomips	: 6000.34
clflush size	: 64
cache_alignment	: 64
address sizes	: 46 bits physical, 48 bits virtual
power management:

processor	: 33
vendor_id	: GenuineIntel
cpu family	: 6
model		: 62
model name	: Intel(R) Xeon(R) CPU E5-2690 v2 @ 3.00GHz
stepping	: 4
microcode	: 0x428
cpu MHz		: 3300.000
cache size	: 25600 KB
physical id	: 1
siblings	: 20
core id		: 9
cpu cores	: 10
apicid		: 51
initial apicid	: 51
fpu		: yes
fpu_exception	: yes
cpuid level	: 13
wp		: yes
flags		: fpu vme de pse tsc msr pae mce cx8 apic sep mtrr pge mca cmov pat pse36 clflush dts acpi mmx fxsr sse sse2 ss ht tm pbe syscall nx pdpe1gb rdtscp lm constant_tsc arch_perfmon pebs bts rep_good nopl xtopology nonstop_tsc aperfmperf eagerfpu pni pclmulqdq dtes64 monitor ds_cpl vmx smx est tm2 ssse3 cx16 xtpr pdcm pcid dca sse4_1 sse4_2 x2apic popcnt tsc_deadline_timer aes xsave avx f16c rdrand lahf_lm ida arat pln pts dtherm tpr_shadow vnmi flexpriority ept vpid fsgsbase smep erms xsaveopt
bogomips	: 6006.32
clflush size	: 64
cache_alignment	: 64
address sizes	: 46 bits physical, 48 bits virtual
power management:

processor	: 34
vendor_id	: GenuineIntel
cpu family	: 6
model		: 62
model name	: Intel(R) Xeon(R) CPU E5-2690 v2 @ 3.00GHz
stepping	: 4
microcode	: 0x428
cpu MHz		: 3300.000
cache size	: 25600 KB
physical id	: 0
siblings	: 20
core id		: 10
cpu cores	: 10
apicid		: 21
initial apicid	: 21
fpu		: yes
fpu_exception	: yes
cpuid level	: 13
wp		: yes
flags		: fpu vme de pse tsc msr pae mce cx8 apic sep mtrr pge mca cmov pat pse36 clflush dts acpi mmx fxsr sse sse2 ss ht tm pbe syscall nx pdpe1gb rdtscp lm constant_tsc arch_perfmon pebs bts rep_good nopl xtopology nonstop_tsc aperfmperf eagerfpu pni pclmulqdq dtes64 monitor ds_cpl vmx smx est tm2 ssse3 cx16 xtpr pdcm pcid dca sse4_1 sse4_2 x2apic popcnt tsc_deadline_timer aes xsave avx f16c rdrand lahf_lm ida arat pln pts dtherm tpr_shadow vnmi flexpriority ept vpid fsgsbase smep erms xsaveopt
bogomips	: 6000.34
clflush size	: 64
cache_alignment	: 64
address sizes	: 46 bits physical, 48 bits virtual
power management:

processor	: 35
vendor_id	: GenuineIntel
cpu family	: 6
model		: 62
model name	: Intel(R) Xeon(R) CPU E5-2690 v2 @ 3.00GHz
stepping	: 4
microcode	: 0x428
cpu MHz		: 3299.882
cache size	: 25600 KB
physical id	: 1
siblings	: 20
core id		: 10
cpu cores	: 10
apicid		: 53
initial apicid	: 53
fpu		: yes
fpu_exception	: yes
cpuid level	: 13
wp		: yes
flags		: fpu vme de pse tsc msr pae mce cx8 apic sep mtrr pge mca cmov pat pse36 clflush dts acpi mmx fxsr sse sse2 ss ht tm pbe syscall nx pdpe1gb rdtscp lm constant_tsc arch_perfmon pebs bts rep_good nopl xtopology nonstop_tsc aperfmperf eagerfpu pni pclmulqdq dtes64 monitor ds_cpl vmx smx est tm2 ssse3 cx16 xtpr pdcm pcid dca sse4_1 sse4_2 x2apic popcnt tsc_deadline_timer aes xsave avx f16c rdrand lahf_lm ida arat pln pts dtherm tpr_shadow vnmi flexpriority ept vpid fsgsbase smep erms xsaveopt
bogomips	: 6006.32
clflush size	: 64
cache_alignment	: 64
address sizes	: 46 bits physical, 48 bits virtual
power management:

processor	: 36
vendor_id	: GenuineIntel
cpu family	: 6
model		: 62
model name	: Intel(R) Xeon(R) CPU E5-2690 v2 @ 3.00GHz
stepping	: 4
microcode	: 0x428
cpu MHz		: 3300.000
cache size	: 25600 KB
physical id	: 0
siblings	: 20
core id		: 11
cpu cores	: 10
apicid		: 23
initial apicid	: 23
fpu		: yes
fpu_exception	: yes
cpuid level	: 13
wp		: yes
flags		: fpu vme de pse tsc msr pae mce cx8 apic sep mtrr pge mca cmov pat pse36 clflush dts acpi mmx fxsr sse sse2 ss ht tm pbe syscall nx pdpe1gb rdtscp lm constant_tsc arch_perfmon pebs bts rep_good nopl xtopology nonstop_tsc aperfmperf eagerfpu pni pclmulqdq dtes64 monitor ds_cpl vmx smx est tm2 ssse3 cx16 xtpr pdcm pcid dca sse4_1 sse4_2 x2apic popcnt tsc_deadline_timer aes xsave avx f16c rdrand lahf_lm ida arat pln pts dtherm tpr_shadow vnmi flexpriority ept vpid fsgsbase smep erms xsaveopt
bogomips	: 6000.34
clflush size	: 64
cache_alignment	: 64
address sizes	: 46 bits physical, 48 bits virtual
power management:

processor	: 37
vendor_id	: GenuineIntel
cpu family	: 6
model		: 62
model name	: Intel(R) Xeon(R) CPU E5-2690 v2 @ 3.00GHz
stepping	: 4
microcode	: 0x428
cpu MHz		: 3300.000
cache size	: 25600 KB
physical id	: 1
siblings	: 20
core id		: 11
cpu cores	: 10
apicid		: 55
initial apicid	: 55
fpu		: yes
fpu_exception	: yes
cpuid level	: 13
wp		: yes
flags		: fpu vme de pse tsc msr pae mce cx8 apic sep mtrr pge mca cmov pat pse36 clflush dts acpi mmx fxsr sse sse2 ss ht tm pbe syscall nx pdpe1gb rdtscp lm constant_tsc arch_perfmon pebs bts rep_good nopl xtopology nonstop_tsc aperfmperf eagerfpu pni pclmulqdq dtes64 monitor ds_cpl vmx smx est tm2 ssse3 cx16 xtpr pdcm pcid dca sse4_1 sse4_2 x2apic popcnt tsc_deadline_timer aes xsave avx f16c rdrand lahf_lm ida arat pln pts dtherm tpr_shadow vnmi flexpriority ept vpid fsgsbase smep erms xsaveopt
bogomips	: 6006.32
clflush size	: 64
cache_alignment	: 64
address sizes	: 46 bits physical, 48 bits virtual
power management:

processor	: 38
vendor_id	: GenuineIntel
cpu family	: 6
model		: 62
model name	: Intel(R) Xeon(R) CPU E5-2690 v2 @ 3.00GHz
stepping	: 4
microcode	: 0x428
cpu MHz		: 3300.000
cache size	: 25600 KB
physical id	: 0
siblings	: 20
core id		: 12
cpu cores	: 10
apicid		: 25
initial apicid	: 25
fpu		: yes
fpu_exception	: yes
cpuid level	: 13
wp		: yes
flags		: fpu vme de pse tsc msr pae mce cx8 apic sep mtrr pge mca cmov pat pse36 clflush dts acpi mmx fxsr sse sse2 ss ht tm pbe syscall nx pdpe1gb rdtscp lm constant_tsc arch_perfmon pebs bts rep_good nopl xtopology nonstop_tsc aperfmperf eagerfpu pni pclmulqdq dtes64 monitor ds_cpl vmx smx est tm2 ssse3 cx16 xtpr pdcm pcid dca sse4_1 sse4_2 x2apic popcnt tsc_deadline_timer aes xsave avx f16c rdrand lahf_lm ida arat pln pts dtherm tpr_shadow vnmi flexpriority ept vpid fsgsbase smep erms xsaveopt
bogomips	: 6000.34
clflush size	: 64
cache_alignment	: 64
address sizes	: 46 bits physical, 48 bits virtual
power management:

processor	: 39
vendor_id	: GenuineIntel
cpu family	: 6
model		: 62
model name	: Intel(R) Xeon(R) CPU E5-2690 v2 @ 3.00GHz
stepping	: 4
microcode	: 0x428
cpu MHz		: 3300.000
cache size	: 25600 KB
physical id	: 1
siblings	: 20
core id		: 12
cpu cores	: 10
apicid		: 57
initial apicid	: 57
fpu		: yes
fpu_exception	: yes
cpuid level	: 13
wp		: yes
flags		: fpu vme de pse tsc msr pae mce cx8 apic sep mtrr pge mca cmov pat pse36 clflush dts acpi mmx fxsr sse sse2 ss ht tm pbe syscall nx pdpe1gb rdtscp lm constant_tsc arch_perfmon pebs bts rep_good nopl xtopology nonstop_tsc aperfmperf eagerfpu pni pclmulqdq dtes64 monitor ds_cpl vmx smx est tm2 ssse3 cx16 xtpr pdcm pcid dca sse4_1 sse4_2 x2apic popcnt tsc_deadline_timer aes xsave avx f16c rdrand lahf_lm ida arat pln pts dtherm tpr_shadow vnmi flexpriority ept vpid fsgsbase smep erms xsaveopt
bogomips	: 6006.32
clflush size	: 64
cache_alignment	: 64
address sizes	: 46 bits physical, 48 bits virtual
power management:



Memory: 4k page, physical 396227888k(71486296k free), swap 33554940k(21151212k free)

vm_info: Java HotSpot(TM) 64-Bit Server VM (25.91-b14) for linux-amd64 JRE (1.8.0_91-b14), built on Apr  1 2016 00:57:21 by "java_re" with gcc 4.3.0 20080428 (Red Hat 4.3.0-8)

time: Thu Jun  8 15:50:56 2017
elapsed time: 0 seconds (0d 0h 0m 0s)

